<?xml version="1.0" encoding="UTF-8"?>
<!-- Generated by org.testng.reporters.JUnitReportReporter -->
<testsuite hostname="KHANH-PC" failures="0" tests="1" name="test.Han.TestLoginWebCMSPoly" time="5.576" errors="0" timestamp="2022-11-26T09:30:43 ICT" skipped="0">
  <testcase classname="test.Han.TestLoginWebCMSPoly" name="FillLoginDetails" time="5.576"/>
  <system-out/>
</testsuite> <!-- test.Han.TestLoginWebCMSPoly -->
