<?xml version="1.0" encoding="UTF-8"?>
<!-- Generated by org.testng.reporters.JUnitReportReporter -->
<testsuite hostname="HAN-NGUYEN" failures="0" tests="3" name="test.Han.TestHan" time="25.465" errors="0" timestamp="2022-11-22T11:47:35 ICT" skipped="0">
  <testcase classname="test.Han.TestHan" name="lauchWebsite" time="7.808"/>
  <system-out/>
  <testcase classname="test.Han.TestHan" name="FillLoginDetails" time="1.318"/>
  <system-out/>
  <testcase classname="test.Han.TestHan" name="DoLogin" time="16.339"/>
  <system-out/>
</testsuite> <!-- test.Han.TestHan -->
