<?xml version="1.0" encoding="UTF-8"?>
<!-- Generated by org.testng.reporters.JUnitReportReporter -->
<testsuite hostname="KHANH-PC" failures="0" tests="4" name="test.Han.TestThongKe" time="7.174" errors="0" timestamp="2022-11-25T12:29:55 ICT" skipped="0">
  <testcase classname="test.Han.TestThongKe" name="lauchWebsite" time="1.941"/>
  <system-out/>
  <testcase classname="test.Han.TestThongKe" name="lauchWebsite" time="1.863"/>
  <system-out/>
  <testcase classname="test.Han.TestThongKe" name="Action" time="1.707"/>
  <system-out/>
  <testcase classname="test.Han.TestThongKe" name="Action" time="1.663"/>
  <system-out/>
</testsuite> <!-- test.Han.TestThongKe -->
