<?xml version="1.0" encoding="UTF-8"?>
<!-- Generated by org.testng.reporters.JUnitReportReporter -->
<testsuite hostname="HAN-NGUYEN" failures="0" tests="1" name="test.Han.TestLogin_DN1" time="10.315" errors="0" timestamp="2022-11-22T14:39:43 ICT" skipped="0">
  <testcase classname="test.Han.TestLogin_DN1" name="FillLoginDetails_DN1" time="10.315"/>
  <system-out/>
</testsuite> <!-- test.Han.TestLogin_DN1 -->
