<?xml version="1.0" encoding="UTF-8"?>
<!-- Generated by org.testng.reporters.JUnitReportReporter -->
<testsuite hostname="HAN-NGUYEN" failures="0" tests="1" name="test.Han.TestLoginWebCMSPoly" time="4.492" errors="0" timestamp="2022-11-23T22:36:07 ICT" skipped="0">
  <testcase classname="test.Han.TestLoginWebCMSPoly" name="FillLoginDetails" time="4.492"/>
  <system-out/>
</testsuite> <!-- test.Han.TestLoginWebCMSPoly -->
