<?xml version="1.0" encoding="UTF-8"?>
<!-- Generated by org.testng.reporters.JUnitReportReporter -->
<testsuite hostname="KHANH-PC" failures="0" tests="4" name="test.Han.TestThongKe" time="7.950" errors="0" timestamp="2022-11-26T09:31:21 ICT" skipped="0">
  <testcase classname="test.Han.TestThongKe" name="lauchWebsite" time="2.176"/>
  <system-out/>
  <testcase classname="test.Han.TestThongKe" name="lauchWebsite" time="2.458"/>
  <system-out/>
  <testcase classname="test.Han.TestThongKe" name="Action" time="1.736"/>
  <system-out/>
  <testcase classname="test.Han.TestThongKe" name="Action" time="1.580"/>
  <system-out/>
</testsuite> <!-- test.Han.TestThongKe -->
