<?xml version="1.0" encoding="UTF-8"?>
<!-- Generated by org.testng.reporters.JUnitReportReporter -->
<testsuite hostname="KHANH-PC" failures="0" tests="3" name="test.Khanh.TestSlider" time="5.904" errors="0" timestamp="2022-11-25T00:35:13 ICT" skipped="0">
  <testcase classname="test.Khanh.TestSlider" name="lauchWebsite" time="2.047"/>
  <system-out/>
  <testcase classname="test.Khanh.TestSlider" name="Button_Slide" time="3.019"/>
  <system-out/>
  <testcase classname="test.Khanh.TestSlider" name="Button_Detail" time="0.838"/>
  <system-out/>
</testsuite> <!-- test.Khanh.TestSlider -->
