<?xml version="1.0" encoding="UTF-8"?>
<!-- Generated by org.testng.reporters.JUnitReportReporter -->
<testsuite hostname="KHANH-PC" failures="0" tests="3" name="test.Khanh.TestSlider" time="6.634" errors="0" timestamp="2022-11-25T12:27:47 ICT" skipped="0">
  <testcase classname="test.Khanh.TestSlider" name="lauchWebsite" time="2.330"/>
  <system-out/>
  <testcase classname="test.Khanh.TestSlider" name="Button_Slide" time="3.217"/>
  <system-out/>
  <testcase classname="test.Khanh.TestSlider" name="Button_Detail" time="1.087"/>
  <system-out/>
</testsuite> <!-- test.Khanh.TestSlider -->
