<?xml version="1.0" encoding="UTF-8"?>
<!-- Generated by org.testng.reporters.JUnitReportReporter -->
<testsuite hostname="HAN-NGUYEN" failures="0" tests="4" name="test.Han.TestThongKe" time="5.549" errors="0" timestamp="2022-11-24T00:30:53 ICT" skipped="0">
  <testcase classname="test.Han.TestThongKe" name="lauchWebsite" time="1.346"/>
  <system-out/>
  <testcase classname="test.Han.TestThongKe" name="lauchWebsite" time="1.435"/>
  <system-out/>
  <testcase classname="test.Han.TestThongKe" name="Action" time="1.374"/>
  <system-out/>
  <testcase classname="test.Han.TestThongKe" name="Action" time="1.394"/>
  <system-out/>
</testsuite> <!-- test.Han.TestThongKe -->
