<?xml version="1.0" encoding="UTF-8"?>
<!-- Generated by org.testng.reporters.JUnitReportReporter -->
<testsuite hostname="FoX" failures="0" tests="2" name="test.Duong.TestUserEdit" time="4.326" errors="0" timestamp="2022-11-26T12:18:57 ICT" skipped="0">
  <testcase classname="test.Duong.TestUserEdit" name="lauchWebsite" time="3.851"/>
  <system-out/>
  <testcase classname="test.Duong.TestUserEdit" name="Fill_UserEdit_Detail" time="0.475"/>
  <system-out/>
</testsuite> <!-- test.Duong.TestUserEdit -->
