<?xml version="1.0" encoding="UTF-8"?>
<!-- Generated by org.testng.reporters.JUnitReportReporter -->
<testsuite hostname="KHANH-PC" failures="0" tests="4" name="test.Khanh.Test_Editing_Delete_VD" time="7.348" errors="0" timestamp="2022-11-25T12:28:04 ICT" skipped="0">
  <testcase classname="test.Khanh.Test_Editing_Delete_VD" name="OpenWebsite" time="2.512"/>
  <system-out/>
  <testcase classname="test.Khanh.Test_Editing_Delete_VD" name="Fill_VideoEdit_Detail" time="0.527"/>
  <system-out/>
  <testcase classname="test.Khanh.Test_Editing_Delete_VD" name="DoCreate" time="1.730"/>
  <system-out/>
  <testcase classname="test.Khanh.Test_Editing_Delete_VD" name="DeleteVideoOnTable" time="2.579"/>
  <system-out/>
</testsuite> <!-- test.Khanh.Test_Editing_Delete_VD -->
