<?xml version="1.0" encoding="UTF-8"?>
<!-- Generated by org.testng.reporters.JUnitReportReporter -->
<testsuite hostname="KHANH-PC" failures="0" tests="4" name="test.Khanh.Test_Editing_Delete_VD" time="6.311" errors="0" timestamp="2022-11-25T00:03:59 ICT" skipped="0">
  <testcase classname="test.Khanh.Test_Editing_Delete_VD" name="OpenWebsite" time="2.147"/>
  <system-out/>
  <testcase classname="test.Khanh.Test_Editing_Delete_VD" name="Fill_VideoEdit_Detail" time="0.346"/>
  <system-out/>
  <testcase classname="test.Khanh.Test_Editing_Delete_VD" name="DoCreate" time="1.438"/>
  <system-out/>
  <testcase classname="test.Khanh.Test_Editing_Delete_VD" name="DeleteVideoOnTable" time="2.380"/>
  <system-out/>
</testsuite> <!-- test.Khanh.Test_Editing_Delete_VD -->
