<?xml version="1.0" encoding="UTF-8"?>
<!-- Generated by org.testng.reporters.JUnitReportReporter -->
<testsuite hostname="KHANH-PC" failures="0" tests="2" name="test.Duong.TestAddFV" time="17.932" errors="0" timestamp="2022-11-26T17:33:39 ICT" skipped="0">
  <testcase classname="test.Duong.TestAddFV" name="lauchWebsite" time="11.975"/>
  <system-out/>
  <testcase classname="test.Duong.TestAddFV" name="AddFavoriteDetails" time="5.957"/>
  <system-out/>
</testsuite> <!-- test.Duong.TestAddFV -->
