<?xml version="1.0" encoding="UTF-8"?>
<!-- Generated by org.testng.reporters.JUnitReportReporter -->
<testsuite hostname="FoX" failures="0" tests="2" name="test.Duong.TestAddFV" time="20.497" errors="0" timestamp="2022-11-26T11:51:58 ICT" skipped="0">
  <testcase classname="test.Duong.TestAddFV" name="lauchWebsite" time="13.926"/>
  <system-out/>
  <testcase classname="test.Duong.TestAddFV" name="AddFavoriteDetails" time="6.571"/>
  <system-out/>
</testsuite> <!-- test.Duong.TestAddFV -->
