<?xml version="1.0" encoding="UTF-8"?>
<!-- Generated by org.testng.reporters.JUnitReportReporter -->
<testsuite hostname="KHANH-PC" failures="0" tests="1" name="test.Han.TestLoginWebCMSPoly" time="4.949" errors="0" timestamp="2022-11-25T12:30:14 ICT" skipped="0">
  <testcase classname="test.Han.TestLoginWebCMSPoly" name="FillLoginDetails" time="4.949"/>
  <system-out/>
</testsuite> <!-- test.Han.TestLoginWebCMSPoly -->
